
 Training========================================

Iteration        PSNR

 Training========================================

Iteration        PSNR

 Training========================================

Iteration        PSNR

 Training========================================

Iteration        PSNR

 Training========================================

Iteration        PSNR

 Training========================================

Iteration        PSNR

 Training========================================

Iteration        PSNR

 Training========================================

Iteration        PSNR

 Training========================================

Iteration        PSNR

 Training========================================

Iteration        PSNR

 Training========================================

Iteration        PSNR

 Training========================================

Iteration        PSNR

 Training========================================

Iteration        PSNR

 Training========================================

Iteration        PSNR

 Training========================================

Iteration        PSNR

 Training========================================

Iteration        PSNR

 Training========================================

Iteration        PSNR

 Training========================================

Iteration        PSNR

 Training========================================

Iteration        PSNR

 Training========================================

Iteration        PSNR

 Training========================================

Iteration        PSNR

 Training========================================

Iteration        PSNR

 Training========================================

Iteration        PSNR

 Training========================================

Iteration        PSNR

 Training========================================

Iteration        PSNR

 Training========================================

Iteration        PSNR
1, 	 6.896139144897461
2, 	 3.775481939315796
3, 	 3.297427177429199
4, 	 3.1593034267425537
5, 	 3.140683174133301
6, 	 3.131452798843384
7, 	 3.1273322105407715
8, 	 3.125303030014038
9, 	 3.1242918968200684
10, 	 3.1238598823547363
11, 	 3.123703956604004
12, 	 3.1236937046051025
13, 	 3.1236696243286133
14, 	 3.1237287521362305
15, 	 3.1236565113067627
16, 	 3.1237242221832275
17, 	 3.1236910820007324
18, 	 3.1237053871154785
19, 	 3.123612403869629
20, 	 3.123781681060791
21, 	 3.1236395835876465
22, 	 3.1237740516662598
23, 	 3.123645782470703
24, 	 3.1236484050750732
25, 	 3.123734474182129
26, 	 3.1236634254455566
27, 	 3.123659133911133
28, 	 3.123795509338379
29, 	 3.1235313415527344
30, 	 3.123767137527466
31, 	 3.12373423576355
32, 	 3.123668670654297
33, 	 3.1236984729766846
34, 	 3.1236777305603027
35, 	 3.1236557960510254
36, 	 3.1237263679504395
37, 	 3.1236767768859863
38, 	 3.1237359046936035
39, 	 3.1237003803253174
40, 	 3.123699426651001
41, 	 3.123655080795288
42, 	 3.1237804889678955
43, 	 3.123623847961426
44, 	 3.123701810836792
45, 	 3.123697280883789
46, 	 3.1237432956695557
47, 	 3.123584747314453
48, 	 3.123758316040039
49, 	 3.1237263679504395
50, 	 3.1236159801483154

 Training========================================

Iteration        PSNR
1, 	 6.896139144897461
2, 	 3.775481939315796
3, 	 3.297427177429199
4, 	 3.1593034267425537
5, 	 3.140683174133301
6, 	 3.131452798843384
7, 	 3.1273322105407715
8, 	 3.125303030014038
9, 	 3.1242918968200684
10, 	 3.1238598823547363
11, 	 3.123703956604004
12, 	 3.1236937046051025
13, 	 3.1236696243286133
14, 	 3.1237287521362305
15, 	 3.1236565113067627
16, 	 3.1237242221832275
17, 	 3.1236910820007324
18, 	 3.1237053871154785
19, 	 3.123612403869629
20, 	 3.123781681060791
21, 	 3.1236395835876465
22, 	 3.1237740516662598
23, 	 3.123645782470703
24, 	 3.1236484050750732
25, 	 3.123734474182129
26, 	 3.1236634254455566
27, 	 3.123659133911133
28, 	 3.123795509338379
29, 	 3.1235313415527344
30, 	 3.123767137527466
31, 	 3.12373423576355
32, 	 3.123668670654297
33, 	 3.1236984729766846
34, 	 3.1236777305603027
35, 	 3.1236557960510254
36, 	 3.1237263679504395
37, 	 3.1236767768859863
38, 	 3.1237359046936035
39, 	 3.1237003803253174
40, 	 3.123699426651001
41, 	 3.123655080795288
42, 	 3.1237804889678955
43, 	 3.123623847961426
44, 	 3.123701810836792
45, 	 3.123697280883789
46, 	 3.1237432956695557
47, 	 3.123584747314453
48, 	 3.123758316040039
49, 	 3.1237263679504395
50, 	 3.1236159801483154

 Training========================================

Iteration        PSNR
1, 	 6.896139144897461
2, 	 3.775481939315796
3, 	 3.297427177429199
4, 	 3.1593034267425537
5, 	 3.140683174133301
6, 	 3.131452798843384
7, 	 3.1273322105407715
8, 	 3.125303030014038
9, 	 3.1242918968200684
10, 	 3.1238598823547363
11, 	 3.123703956604004
12, 	 3.1236937046051025
13, 	 3.1236696243286133
14, 	 3.1237287521362305
15, 	 3.1236565113067627
16, 	 3.1237242221832275
17, 	 3.1236910820007324
18, 	 3.1237053871154785
19, 	 3.123612403869629
20, 	 3.123781681060791
21, 	 3.1236395835876465
22, 	 3.1237740516662598
23, 	 3.123645782470703
24, 	 3.1236484050750732
25, 	 3.123734474182129
26, 	 3.1236634254455566
27, 	 3.123659133911133
28, 	 3.123795509338379
29, 	 3.1235313415527344
30, 	 3.123767137527466
31, 	 3.12373423576355
32, 	 3.123668670654297
33, 	 3.1236984729766846
34, 	 3.1236777305603027
35, 	 3.1236557960510254
36, 	 3.1237263679504395
37, 	 3.1236767768859863
38, 	 3.1237359046936035
39, 	 3.1237003803253174
40, 	 3.123699426651001
41, 	 3.123655080795288
42, 	 3.1237804889678955
43, 	 3.123623847961426
44, 	 3.123701810836792
45, 	 3.123697280883789
46, 	 3.1237432956695557
47, 	 3.123584747314453
48, 	 3.123758316040039
49, 	 3.1237263679504395
50, 	 3.1236159801483154

 Training========================================

Iteration        PSNR
1, 	 6.896139144897461
2, 	 3.775481939315796
3, 	 3.297427177429199
4, 	 3.1593034267425537
5, 	 3.140683174133301
6, 	 3.131452798843384
7, 	 3.1273322105407715
8, 	 3.125303030014038
9, 	 3.1242918968200684
10, 	 3.1238598823547363
11, 	 3.123703956604004

 Training========================================

Iteration        PSNR

 Training========================================

Iteration        PSNR

 Training========================================

Iteration        PSNR

 Training========================================

Iteration        PSNR

 Training========================================

Iteration        PSNR

 Training========================================

Iteration        PSNR

 Training========================================

Iteration        PSNR

 Training========================================

Iteration        PSNR

 Training========================================

Iteration        PSNR

 Training========================================

Iteration        PSNR

 Training========================================

Iteration        PSNR
